2023-04-03 03:26:21.660662 - Initialized conversion of CBT887
2023-04-03 03:26:23.431615 - Received CBT.V504.FILE887.PDS from FILE887.XMI 
2023-04-03 03:26:23.434103 - Found $$$#DATE.txt (text/plain) in CBT.V504.FILE887.PDS, moved to PDS/$$$#DATE
2023-04-03 03:26:23.435186 - Found $FSSBA.txt (text/plain) in CBT.V504.FILE887.PDS, moved to PDS/$FSSBA
2023-04-03 03:26:23.436150 - Found $INDEX.txt (text/plain) in CBT.V504.FILE887.PDS, moved to PDS/$INDEX
2023-04-03 03:26:23.437120 - Found $UNLOAD.jcl (text/plain) in CBT.V504.FILE887.PDS, moved to PDS/$UNLOAD
2023-04-03 03:26:23.438169 - Found @FILE887.txt (text/plain) in CBT.V504.FILE887.PDS, moved to PDS/@FILE887
2023-04-03 03:26:23.439113 - Found ASMPTFS.jcl (text/plain) in CBT.V504.FILE887.PDS, moved to PDS/ASMPTFS
2023-04-03 03:26:23.440040 - Found AZ58122.jcl (text/plain) in CBT.V504.FILE887.PDS, moved to PDS/AZ58122
2023-04-03 03:26:23.440050 - Found CATALOG.bin containing application/octet-stream, moved to PDS/CATALOG
2023-04-03 03:26:23.441845 - Found CLS.jcl (text/plain) in CBT.V504.FILE887.PDS, moved to PDS/CLS
2023-04-03 03:26:23.442835 - Found CMDSHR.jcl (text/plain) in CBT.V504.FILE887.PDS, moved to PDS/CMDSHR
2023-04-03 03:26:23.443701 - Found CMDSHRA.jcl (text/plain) in CBT.V504.FILE887.PDS, moved to PDS/CMDSHRA
2023-04-03 03:26:23.444529 - Found CMDSHRP.txt (text/plain) in CBT.V504.FILE887.PDS, moved to PDS/CMDSHRP
2023-04-03 03:26:23.445410 - Found CMDSHRR.txt (text/plain) in CBT.V504.FILE887.PDS, moved to PDS/CMDSHRR
2023-04-03 03:26:23.446321 - Found DAPF.jcl (text/plain) in CBT.V504.FILE887.PDS, moved to PDS/DAPF
2023-04-03 03:26:23.447238 - Found DAPFC.jcl (text/plain) in CBT.V504.FILE887.PDS, moved to PDS/DAPFC
2023-04-03 03:26:23.448488 - Found IEAVAP00.txt (text/plain) in CBT.V504.FILE887.PDS, moved to PDS/IEAVAP00
2023-04-03 03:26:23.449443 - Found IEECDCM.txt (text/plain) in CBT.V504.FILE887.PDS, moved to PDS/IEECDCM
2023-04-03 03:26:23.450355 - Found IEECVETC.jcl (text/plain) in CBT.V504.FILE887.PDS, moved to PDS/IEECVETC
2023-04-03 03:26:23.451355 - Found IEECVETQ.jcl (text/plain) in CBT.V504.FILE887.PDS, moved to PDS/IEECVETQ
2023-04-03 03:26:23.452392 - Found IEECVETU.jcl (text/plain) in CBT.V504.FILE887.PDS, moved to PDS/IEECVETU
2023-04-03 03:26:23.453393 - Found IEECVXIT.jcl (text/plain) in CBT.V504.FILE887.PDS, moved to PDS/IEECVXIT
2023-04-03 03:26:23.454401 - Found IEE0403D.jcl (text/plain) in CBT.V504.FILE887.PDS, moved to PDS/IEE0403D
2023-04-03 03:26:23.455432 - Found IEE3503D.jcl (text/plain) in CBT.V504.FILE887.PDS, moved to PDS/IEE3503D
2023-04-03 03:26:23.456440 - Found IEE7503D.txt (text/plain) in CBT.V504.FILE887.PDS, moved to PDS/IEE7503D
2023-04-03 03:26:23.457353 - Found IEFACTRT.jcl (text/plain) in CBT.V504.FILE887.PDS, moved to PDS/IEFACTRT
2023-04-03 03:26:23.458279 - Found IEFJJOBS.txt (text/plain) in CBT.V504.FILE887.PDS, moved to PDS/IEFJJOBS
2023-04-03 03:26:23.459477 - Found IEFVEA.jcl (text/plain) in CBT.V504.FILE887.PDS, moved to PDS/IEFVEA
2023-04-03 03:26:23.460522 - Found IEFVJA.jcl (text/plain) in CBT.V504.FILE887.PDS, moved to PDS/IEFVJA
2023-04-03 03:26:23.461546 - Found IKJEFF10.jcl (text/plain) in CBT.V504.FILE887.PDS, moved to PDS/IKJEFF10
2023-04-03 03:26:23.462716 - Found IKJEFF53.jcl (text/plain) in CBT.V504.FILE887.PDS, moved to PDS/IKJEFF53
2023-04-03 03:26:23.463683 - Found IKJEFLD.jcl (text/plain) in CBT.V504.FILE887.PDS, moved to PDS/IKJEFLD
2023-04-03 03:26:23.464619 - Found IKJEFLD1.jcl (text/plain) in CBT.V504.FILE887.PDS, moved to PDS/IKJEFLD1
2023-04-03 03:26:23.465570 - Found IKJEFLF.jcl (text/plain) in CBT.V504.FILE887.PDS, moved to PDS/IKJEFLF
2023-04-03 03:26:23.466596 - Found IKJEFT25.jcl (text/plain) in CBT.V504.FILE887.PDS, moved to PDS/IKJEFT25
2023-04-03 03:26:23.467573 - Found IMONCUST.jcl (text/plain) in CBT.V504.FILE887.PDS, moved to PDS/IMONCUST
2023-04-03 03:26:23.468613 - Found IMONJCL.jcl (text/plain) in CBT.V504.FILE887.PDS, moved to PDS/IMONJCL
2023-04-03 03:26:23.469632 - Found IMONJCL1.jcl (text/plain) in CBT.V504.FILE887.PDS, moved to PDS/IMONJCL1
2023-04-03 03:26:23.470531 - Found JESLOGON.jcl (text/plain) in CBT.V504.FILE887.PDS, moved to PDS/JESLOGON
2023-04-03 03:26:23.471475 - Found JES01.jcl (text/plain) in CBT.V504.FILE887.PDS, moved to PDS/JES01
2023-04-03 03:26:23.472432 - Found JES2UMOD.jcl (text/plain) in CBT.V504.FILE887.PDS, moved to PDS/JES2UMOD
2023-04-03 03:26:23.473330 - Found JOBCARD.jcl (text/plain) in CBT.V504.FILE887.PDS, moved to PDS/JOBCARD
2023-04-03 03:26:23.474272 - Found LINKSMFX.jcl (text/plain) in CBT.V504.FILE887.PDS, moved to PDS/LINKSMFX
2023-04-03 03:26:23.475198 - Found LISTUMOD.jcl (text/plain) in CBT.V504.FILE887.PDS, moved to PDS/LISTUMOD
2023-04-03 03:26:23.476184 - Found MASSRR.jcl (text/plain) in CBT.V504.FILE887.PDS, moved to PDS/MASSRR
2023-04-03 03:26:23.477140 - Found MVS0330.jcl (text/plain) in CBT.V504.FILE887.PDS, moved to PDS/MVS0330
2023-04-03 03:26:23.478052 - Found MVS0331.jcl (text/plain) in CBT.V504.FILE887.PDS, moved to PDS/MVS0331
2023-04-03 03:26:23.478950 - Found MVTCOBOL.jcl (text/plain) in CBT.V504.FILE887.PDS, moved to PDS/MVTCOBOL
2023-04-03 03:26:23.479927 - Found PTFAP1.jcl (text/plain) in CBT.V504.FILE887.PDS, moved to PDS/PTFAP1
2023-04-03 03:26:23.480822 - Found PTFLIST.jcl (text/plain) in CBT.V504.FILE887.PDS, moved to PDS/PTFLIST
2023-04-03 03:26:23.481716 - Found PTFS.jcl (text/plain) in CBT.V504.FILE887.PDS, moved to PDS/PTFS
2023-04-03 03:26:23.482563 - Found PTFSR.jcl (text/plain) in CBT.V504.FILE887.PDS, moved to PDS/PTFSR
2023-04-03 03:26:23.483495 - Found PTFSRT.jcl (text/plain) in CBT.V504.FILE887.PDS, moved to PDS/PTFSRT
2023-04-03 03:26:23.484418 - Found PUNCH.jcl (text/plain) in CBT.V504.FILE887.PDS, moved to PDS/PUNCH
2023-04-03 03:26:23.485655 - Found RAKFT1.jcl (text/plain) in CBT.V504.FILE887.PDS, moved to PDS/RAKFT1
2023-04-03 03:26:23.486553 - Found RAKF00A.jcl (text/plain) in CBT.V504.FILE887.PDS, moved to PDS/RAKF00A
2023-04-03 03:26:23.487464 - Found RAKF001.jcl (text/plain) in CBT.V504.FILE887.PDS, moved to PDS/RAKF001
2023-04-03 03:26:23.488315 - Found RAKF002.jcl (text/plain) in CBT.V504.FILE887.PDS, moved to PDS/RAKF002
2023-04-03 03:26:23.489155 - Found RAKF003.jcl (text/plain) in CBT.V504.FILE887.PDS, moved to PDS/RAKF003
2023-04-03 03:26:23.490021 - Found RAKF004.jcl (text/plain) in CBT.V504.FILE887.PDS, moved to PDS/RAKF004
2023-04-03 03:26:23.490893 - Found RAKF005.jcl (text/plain) in CBT.V504.FILE887.PDS, moved to PDS/RAKF005
2023-04-03 03:26:23.491781 - Found RAKF1.jcl (text/plain) in CBT.V504.FILE887.PDS, moved to PDS/RAKF1
2023-04-03 03:26:23.492648 - Found RAKF2.jcl (text/plain) in CBT.V504.FILE887.PDS, moved to PDS/RAKF2
2023-04-03 03:26:23.493614 - Found RAKF3.jcl (text/plain) in CBT.V504.FILE887.PDS, moved to PDS/RAKF3
2023-04-03 03:26:23.494459 - Found RAKF4.jcl (text/plain) in CBT.V504.FILE887.PDS, moved to PDS/RAKF4
2023-04-03 03:26:23.495398 - Found RAKF5.jcl (text/plain) in CBT.V504.FILE887.PDS, moved to PDS/RAKF5
2023-04-03 03:26:23.496290 - Found REVLMOD.jcl (text/plain) in CBT.V504.FILE887.PDS, moved to PDS/REVLMOD
2023-04-03 03:26:23.497176 - Found SETPFKEY.jcl (text/plain) in CBT.V504.FILE887.PDS, moved to PDS/SETPFKEY
2023-04-03 03:26:23.498064 - Found SETPFKP.jcl (text/plain) in CBT.V504.FILE887.PDS, moved to PDS/SETPFKP
2023-04-03 03:26:23.499096 - Found SGIEF0SS.txt (text/plain) in CBT.V504.FILE887.PDS, moved to PDS/SGIEF0SS
2023-04-03 03:26:23.500425 - Found SLB0002.jcl (text/plain) in CBT.V504.FILE887.PDS, moved to PDS/SLB0002
2023-04-03 03:26:23.501363 - Found SMFDUMPJ.txt (text/plain) in CBT.V504.FILE887.PDS, moved to PDS/SMFDUMPJ
2023-04-03 03:26:23.502313 - Found SMFDUMPP.jcl (text/plain) in CBT.V504.FILE887.PDS, moved to PDS/SMFDUMPP
2023-04-03 03:26:23.503225 - Found SMFSTATS.jcl (text/plain) in CBT.V504.FILE887.PDS, moved to PDS/SMFSTATS
2023-04-03 03:26:23.504139 - Found SMPWRK.jcl (text/plain) in CBT.V504.FILE887.PDS, moved to PDS/SMPWRK
2023-04-03 03:26:23.505047 - Found SMPWRK1.jcl (text/plain) in CBT.V504.FILE887.PDS, moved to PDS/SMPWRK1
2023-04-03 03:26:23.505940 - Found STAGE0.jcl (text/plain) in CBT.V504.FILE887.PDS, moved to PDS/STAGE0
2023-04-03 03:26:23.506890 - Found STAGE1.jcl (text/plain) in CBT.V504.FILE887.PDS, moved to PDS/STAGE1
2023-04-03 03:26:23.508117 - Found STAGE2P.jcl (text/plain) in CBT.V504.FILE887.PDS, moved to PDS/STAGE2P
2023-04-03 03:26:23.508129 - Found SYSCATLG.bin containing application/octet-stream, moved to PDS/SYSCATLG
2023-04-03 03:26:23.509944 - Found TEST.jcl (text/plain) in CBT.V504.FILE887.PDS, moved to PDS/TEST
2023-04-03 03:26:23.510906 - Found TSM0002.jcl (text/plain) in CBT.V504.FILE887.PDS, moved to PDS/TSM0002
2023-04-03 03:26:23.511942 - Found TSM0020.jcl (text/plain) in CBT.V504.FILE887.PDS, moved to PDS/TSM0020
2023-04-03 03:26:23.512892 - Found TSM0021.jcl (text/plain) in CBT.V504.FILE887.PDS, moved to PDS/TSM0021
2023-04-03 03:26:23.513817 - Found TSM0022.jcl (text/plain) in CBT.V504.FILE887.PDS, moved to PDS/TSM0022
2023-04-03 03:26:23.514704 - Found TSM0025.jcl (text/plain) in CBT.V504.FILE887.PDS, moved to PDS/TSM0025
2023-04-03 03:26:23.515650 - Found TSM0026.jcl (text/plain) in CBT.V504.FILE887.PDS, moved to PDS/TSM0026
2023-04-03 03:26:23.516531 - Found TSM0026A.jcl (text/plain) in CBT.V504.FILE887.PDS, moved to PDS/TSM0026A
2023-04-03 03:26:23.517451 - Found TSM0027.jcl (text/plain) in CBT.V504.FILE887.PDS, moved to PDS/TSM0027
2023-04-03 03:26:23.518694 - Found TSM0028.jcl (text/plain) in CBT.V504.FILE887.PDS, moved to PDS/TSM0028
2023-04-03 03:26:23.519640 - Found TSM0029.jcl (text/plain) in CBT.V504.FILE887.PDS, moved to PDS/TSM0029
2023-04-03 03:26:23.519652 - Found TSM0030.bin containing application/octet-stream, moved to PDS/TSM0030
2023-04-03 03:26:23.521398 - Found TSM0031.jcl (text/plain) in CBT.V504.FILE887.PDS, moved to PDS/TSM0031
2023-04-03 03:26:23.522396 - Found TSM0032.jcl (text/plain) in CBT.V504.FILE887.PDS, moved to PDS/TSM0032
2023-04-03 03:26:23.523527 - Found TSM0033.jcl (text/plain) in CBT.V504.FILE887.PDS, moved to PDS/TSM0033
2023-04-03 03:26:23.524452 - Found TSM0034.jcl (text/plain) in CBT.V504.FILE887.PDS, moved to PDS/TSM0034
2023-04-03 03:26:23.525360 - Found TSM0035.jcl (text/plain) in CBT.V504.FILE887.PDS, moved to PDS/TSM0035
2023-04-03 03:26:23.526232 - Found TSM0036.jcl (text/plain) in CBT.V504.FILE887.PDS, moved to PDS/TSM0036
2023-04-03 03:26:23.527150 - Found TSV0000.jcl (text/plain) in CBT.V504.FILE887.PDS, moved to PDS/TSV0000
2023-04-03 03:26:23.528058 - Found TSV0001.jcl (text/plain) in CBT.V504.FILE887.PDS, moved to PDS/TSV0001
2023-04-03 03:26:23.528938 - Found TSV0002.jcl (text/plain) in CBT.V504.FILE887.PDS, moved to PDS/TSV0002
2023-04-03 03:26:23.529839 - Found TSV0003.jcl (text/plain) in CBT.V504.FILE887.PDS, moved to PDS/TSV0003
2023-04-03 03:26:23.530718 - Found TSV0004.jcl (text/plain) in CBT.V504.FILE887.PDS, moved to PDS/TSV0004
2023-04-03 03:26:23.531630 - Found TSV0005.jcl (text/plain) in CBT.V504.FILE887.PDS, moved to PDS/TSV0005
2023-04-03 03:26:23.532502 - Found TSV0005A.jcl (text/plain) in CBT.V504.FILE887.PDS, moved to PDS/TSV0005A
2023-04-03 03:26:23.533365 - Found TSV0005B.jcl (text/plain) in CBT.V504.FILE887.PDS, moved to PDS/TSV0005B
2023-04-03 03:26:23.534219 - Found TSV0005I.jcl (text/plain) in CBT.V504.FILE887.PDS, moved to PDS/TSV0005I
2023-04-03 03:26:23.535081 - Found TSV0005T.jcl (text/plain) in CBT.V504.FILE887.PDS, moved to PDS/TSV0005T
2023-04-03 03:26:23.535971 - Found TSV0005X.jcl (text/plain) in CBT.V504.FILE887.PDS, moved to PDS/TSV0005X
2023-04-03 03:26:23.536852 - Found TSV0006.jcl (text/plain) in CBT.V504.FILE887.PDS, moved to PDS/TSV0006
2023-04-03 03:26:23.537756 - Found TSV0007.jcl (text/plain) in CBT.V504.FILE887.PDS, moved to PDS/TSV0007
2023-04-03 03:26:23.538576 - Found TSV0008.jcl (text/plain) in CBT.V504.FILE887.PDS, moved to PDS/TSV0008
2023-04-03 03:26:23.539467 - Found TSV0008A.jcl (text/plain) in CBT.V504.FILE887.PDS, moved to PDS/TSV0008A
2023-04-03 03:26:23.540339 - Found TSV0009.jcl (text/plain) in CBT.V504.FILE887.PDS, moved to PDS/TSV0009
2023-04-03 03:26:23.541340 - Found TSV0010.jcl (text/plain) in CBT.V504.FILE887.PDS, moved to PDS/TSV0010
2023-04-03 03:26:23.542255 - Found TSV0010A.jcl (text/plain) in CBT.V504.FILE887.PDS, moved to PDS/TSV0010A
2023-04-03 03:26:23.543170 - Found TSV0011.jcl (text/plain) in CBT.V504.FILE887.PDS, moved to PDS/TSV0011
2023-04-03 03:26:23.544050 - Found TSV0012.jcl (text/plain) in CBT.V504.FILE887.PDS, moved to PDS/TSV0012
2023-04-03 03:26:23.544972 - Found TSV0013.jcl (text/plain) in CBT.V504.FILE887.PDS, moved to PDS/TSV0013
2023-04-03 03:26:23.545876 - Found TSV0014.jcl (text/plain) in CBT.V504.FILE887.PDS, moved to PDS/TSV0014
2023-04-03 03:26:23.546805 - Found TSV0015.jcl (text/plain) in CBT.V504.FILE887.PDS, moved to PDS/TSV0015
2023-04-03 03:26:23.547716 - Found TSV0016.jcl (text/plain) in CBT.V504.FILE887.PDS, moved to PDS/TSV0016
2023-04-03 03:26:23.548622 - Found TSV0017.jcl (text/plain) in CBT.V504.FILE887.PDS, moved to PDS/TSV0017
2023-04-03 03:26:23.549532 - Found TSV0017A.jcl (text/plain) in CBT.V504.FILE887.PDS, moved to PDS/TSV0017A
2023-04-03 03:26:23.550389 - Found TSV0018.jcl (text/plain) in CBT.V504.FILE887.PDS, moved to PDS/TSV0018
2023-04-03 03:26:23.551491 - Found TSV0019.jcl (text/plain) in CBT.V504.FILE887.PDS, moved to PDS/TSV0019
2023-04-03 03:26:23.552494 - Found TSV0020.jcl (text/plain) in CBT.V504.FILE887.PDS, moved to PDS/TSV0020
2023-04-03 03:26:23.553449 - Found TSV0021.jcl (text/plain) in CBT.V504.FILE887.PDS, moved to PDS/TSV0021
2023-04-03 03:26:23.553462 - Found TSV0022.bin containing application/octet-stream, moved to PDS/TSV0022
2023-04-03 03:26:23.555413 - Found TSV0023.jcl (text/plain) in CBT.V504.FILE887.PDS, moved to PDS/TSV0023
2023-04-03 03:26:23.556612 - Found TSV0024.jcl (text/plain) in CBT.V504.FILE887.PDS, moved to PDS/TSV0024
2023-04-03 03:26:23.557669 - Found TSV0024B.jcl (text/plain) in CBT.V504.FILE887.PDS, moved to PDS/TSV0024B
2023-04-03 03:26:23.558614 - Found TSV0024X.jcl (text/plain) in CBT.V504.FILE887.PDS, moved to PDS/TSV0024X
2023-04-03 03:26:23.559902 - Found TSV0025.jcl (text/plain) in CBT.V504.FILE887.PDS, moved to PDS/TSV0025
2023-04-03 03:26:23.560784 - Found TSV0025T.jcl (text/plain) in CBT.V504.FILE887.PDS, moved to PDS/TSV0025T
2023-04-03 03:26:23.561666 - Found TSV0026.jcl (text/plain) in CBT.V504.FILE887.PDS, moved to PDS/TSV0026
2023-04-03 03:26:23.562551 - Found UZ74083.jcl (text/plain) in CBT.V504.FILE887.PDS, moved to PDS/UZ74083
2023-04-03 03:26:23.563528 - Found XMODS.jcl (text/plain) in CBT.V504.FILE887.PDS, moved to PDS/XMODS
2023-04-03 03:26:23.564444 - Found ZP60003.jcl (text/plain) in CBT.V504.FILE887.PDS, moved to PDS/ZP60003
2023-04-03 03:26:23.565333 - Found ZP60004.jcl (text/plain) in CBT.V504.FILE887.PDS, moved to PDS/ZP60004
2023-04-03 03:26:23.566203 - Found ZP60005.jcl (text/plain) in CBT.V504.FILE887.PDS, moved to PDS/ZP60005
2023-04-03 03:26:23.567160 - Found ZP60006.jcl (text/plain) in CBT.V504.FILE887.PDS, moved to PDS/ZP60006
2023-04-03 03:26:23.568081 - Found ZP60007.jcl (text/plain) in CBT.V504.FILE887.PDS, moved to PDS/ZP60007
2023-04-03 03:26:23.569030 - Found ZP60008.jcl (text/plain) in CBT.V504.FILE887.PDS, moved to PDS/ZP60008
2023-04-03 03:26:23.570086 - Found ZP60009.jcl (text/plain) in CBT.V504.FILE887.PDS, moved to PDS/ZP60009
2023-04-03 03:26:23.571134 - Found ZP60009A.jcl (text/plain) in CBT.V504.FILE887.PDS, moved to PDS/ZP60009A
2023-04-03 03:26:23.572363 - Found ZP60014.jcl (text/plain) in CBT.V504.FILE887.PDS, moved to PDS/ZP60014
2023-04-03 03:26:23.573247 - Found ZP60015.jcl (text/plain) in CBT.V504.FILE887.PDS, moved to PDS/ZP60015
2023-04-03 03:26:23.574125 - Found ZP60019.jcl (text/plain) in CBT.V504.FILE887.PDS, moved to PDS/ZP60019
2023-04-03 03:26:23.574136 - Found ZP60021.bin containing application/octet-stream, moved to PDS/ZP60021
